2024-09-05 12:10:04,224 [Worker-0: Loading available Gradle versions] INFO  o.e.b.c.i.u.g.PublishedGradleVersions - Gradle version information cache is up-to-date. Trying to read.
2024-09-05 12:15:57,064 [Worker-9: Import Getting Started Content] INFO  o.e.m.c.i.l.LifecycleMappingFactory - Using org.eclipse.m2e.jdt.JarLifecycleMapping lifecycle mapping for MavenProject: com.microservice.celulares:com.microservice.celulares:1.0.0-SNAPSHOT @ C:\Users\dasp_\Documents\workspace-backend-github\springboot-service-celulares\pom.xml.
2024-09-05 12:16:00,442 [Worker-9: Import Getting Started Content] INFO  o.e.m.c.i.e.AbstractTransferListenerAdapter - Downloading https://repo.maven.apache.org/maven2/org/hibernate/orm/hibernate-core/6.5.2.Final/hibernate-core-6.5.2.Final.jar
2024-09-05 12:16:16,299 [Worker-9: Import Getting Started Content] INFO  o.e.m.c.i.e.AbstractTransferListenerAdapter - Downloaded https://repo.maven.apache.org/maven2/org/hibernate/orm/hibernate-core/6.5.2.Final/hibernate-core-6.5.2.Final.jar
2024-09-05 12:16:16,351 [BasicRepositoryConnector-repo.maven.apache.org-0-1] INFO  o.e.m.c.i.e.AbstractTransferListenerAdapter - Downloading https://repo.maven.apache.org/maven2/org/apache/httpcomponents/client5/httpclient5/5.3.1/httpclient5-5.3.1.jar
2024-09-05 12:16:16,556 [BasicRepositoryConnector-repo.maven.apache.org-0-2] INFO  o.e.m.c.i.e.AbstractTransferListenerAdapter - Downloading https://repo.maven.apache.org/maven2/org/springframework/boot/spring-boot/3.3.3/spring-boot-3.3.3.jar
2024-09-05 12:16:16,584 [BasicRepositoryConnector-repo.maven.apache.org-0-4] INFO  o.e.m.c.i.e.AbstractTransferListenerAdapter - Downloading https://repo.maven.apache.org/maven2/org/springframework/boot/spring-boot-starter-test/3.3.3/spring-boot-starter-test-3.3.3.jar
2024-09-05 12:16:16,592 [BasicRepositoryConnector-repo.maven.apache.org-0-4] INFO  o.e.m.c.i.e.AbstractTransferListenerAdapter - Downloaded https://repo.maven.apache.org/maven2/org/springframework/boot/spring-boot-starter-test/3.3.3/spring-boot-starter-test-3.3.3.jar
2024-09-05 12:16:16,596 [BasicRepositoryConnector-repo.maven.apache.org-0-0] INFO  o.e.m.c.i.e.AbstractTransferListenerAdapter - Downloading https://repo.maven.apache.org/maven2/org/springframework/data/spring-data-commons/3.3.3/spring-data-commons-3.3.3.jar
2024-09-05 12:16:16,746 [BasicRepositoryConnector-repo.maven.apache.org-0-4] INFO  o.e.m.c.i.e.AbstractTransferListenerAdapter - Downloading https://repo.maven.apache.org/maven2/org/springframework/boot/spring-boot-test/3.3.3/spring-boot-test-3.3.3.jar
2024-09-05 12:16:16,888 [BasicRepositoryConnector-repo.maven.apache.org-0-3] INFO  o.e.m.c.i.e.AbstractTransferListenerAdapter - Downloading https://repo.maven.apache.org/maven2/org/springframework/boot/spring-boot-autoconfigure/3.3.3/spring-boot-autoconfigure-3.3.3.jar
2024-09-05 12:16:17,694 [BasicRepositoryConnector-repo.maven.apache.org-0-4] INFO  o.e.m.c.i.e.AbstractTransferListenerAdapter - Downloaded https://repo.maven.apache.org/maven2/org/springframework/boot/spring-boot-test/3.3.3/spring-boot-test-3.3.3.jar
2024-09-05 12:16:17,864 [BasicRepositoryConnector-repo.maven.apache.org-0-4] INFO  o.e.m.c.i.e.AbstractTransferListenerAdapter - Downloading https://repo.maven.apache.org/maven2/org/springframework/boot/spring-boot-test-autoconfigure/3.3.3/spring-boot-test-autoconfigure-3.3.3.jar
2024-09-05 12:16:19,458 [BasicRepositoryConnector-repo.maven.apache.org-0-4] INFO  o.e.m.c.i.e.AbstractTransferListenerAdapter - Downloaded https://repo.maven.apache.org/maven2/org/springframework/boot/spring-boot-test-autoconfigure/3.3.3/spring-boot-test-autoconfigure-3.3.3.jar
2024-09-05 12:16:19,589 [BasicRepositoryConnector-repo.maven.apache.org-0-4] INFO  o.e.m.c.i.e.AbstractTransferListenerAdapter - Downloading https://repo.maven.apache.org/maven2/org/assertj/assertj-core/3.25.3/assertj-core-3.25.3.jar
2024-09-05 12:16:19,620 [BasicRepositoryConnector-repo.maven.apache.org-0-1] INFO  o.e.m.c.i.e.AbstractTransferListenerAdapter - Downloaded https://repo.maven.apache.org/maven2/org/apache/httpcomponents/client5/httpclient5/5.3.1/httpclient5-5.3.1.jar
2024-09-05 12:16:19,721 [BasicRepositoryConnector-repo.maven.apache.org-0-1] INFO  o.e.m.c.i.e.AbstractTransferListenerAdapter - Downloading https://repo.maven.apache.org/maven2/org/mockito/mockito-core/5.11.0/mockito-core-5.11.0.jar
2024-09-05 12:16:22,783 [BasicRepositoryConnector-repo.maven.apache.org-0-1] INFO  o.e.m.c.i.e.AbstractTransferListenerAdapter - Downloaded https://repo.maven.apache.org/maven2/org/mockito/mockito-core/5.11.0/mockito-core-5.11.0.jar
2024-09-05 12:16:22,923 [BasicRepositoryConnector-repo.maven.apache.org-0-1] INFO  o.e.m.c.i.e.AbstractTransferListenerAdapter - Downloading https://repo.maven.apache.org/maven2/org/mockito/mockito-junit-jupiter/5.11.0/mockito-junit-jupiter-5.11.0.jar
2024-09-05 12:16:22,963 [BasicRepositoryConnector-repo.maven.apache.org-0-1] INFO  o.e.m.c.i.e.AbstractTransferListenerAdapter - Downloaded https://repo.maven.apache.org/maven2/org/mockito/mockito-junit-jupiter/5.11.0/mockito-junit-jupiter-5.11.0.jar
2024-09-05 12:16:26,940 [BasicRepositoryConnector-repo.maven.apache.org-0-0] INFO  o.e.m.c.i.e.AbstractTransferListenerAdapter - Downloaded https://repo.maven.apache.org/maven2/org/springframework/data/spring-data-commons/3.3.3/spring-data-commons-3.3.3.jar
2024-09-05 12:16:26,972 [BasicRepositoryConnector-repo.maven.apache.org-0-4] INFO  o.e.m.c.i.e.AbstractTransferListenerAdapter - Downloaded https://repo.maven.apache.org/maven2/org/assertj/assertj-core/3.25.3/assertj-core-3.25.3.jar
2024-09-05 12:16:27,395 [BasicRepositoryConnector-repo.maven.apache.org-0-3] INFO  o.e.m.c.i.e.AbstractTransferListenerAdapter - Downloaded https://repo.maven.apache.org/maven2/org/springframework/boot/spring-boot-autoconfigure/3.3.3/spring-boot-autoconfigure-3.3.3.jar
2024-09-05 12:16:27,576 [BasicRepositoryConnector-repo.maven.apache.org-0-2] INFO  o.e.m.c.i.e.AbstractTransferListenerAdapter - Downloaded https://repo.maven.apache.org/maven2/org/springframework/boot/spring-boot/3.3.3/spring-boot-3.3.3.jar
2024-09-05 12:16:29,053 [Worker-9: Import Getting Started Content] INFO  o.e.m.j.i.AbstractJavaProjectConfigurator - Adding source folder /springboot-service-celulares/src/main/java
2024-09-05 12:16:29,056 [Worker-9: Import Getting Started Content] INFO  o.e.m.j.i.AbstractJavaProjectConfigurator - Adding resource folder /springboot-service-celulares/src/main/resources
2024-09-05 12:16:29,063 [Worker-9: Import Getting Started Content] INFO  o.e.m.j.i.AbstractJavaProjectConfigurator - Adding resource folder /springboot-service-celulares/src/main/resources
2024-09-05 12:16:29,071 [Worker-9: Import Getting Started Content] INFO  o.e.m.j.i.AbstractJavaProjectConfigurator - Adding source folder /springboot-service-celulares/src/test/java
2024-09-05 12:16:29,072 [Worker-9: Import Getting Started Content] INFO  o.e.m.j.i.AbstractJavaProjectConfigurator - Adding resource folder /springboot-service-celulares/src/test/resources
2024-09-05 12:16:30,424 [Worker-9: Import Getting Started Content] INFO  o.e.m.c.i.p.ProjectConfigurationManager - Imported and configured 1 project(s) in 35 sec
2024-09-05 12:16:30,428 [Worker-9: Import Getting Started Content] INFO  o.e.m.c.i.p.ProjectConfigurationManager - Update started
2024-09-05 12:16:30,885 [Worker-9: Import Getting Started Content] INFO  o.e.m.c.i.l.LifecycleMappingFactory - Using org.eclipse.m2e.jdt.JarLifecycleMapping lifecycle mapping for MavenProject: com.microservice.celulares:com.microservice.celulares:1.0.0-SNAPSHOT @ C:\Users\dasp_\Documents\workspace-backend-github\springboot-service-celulares\pom.xml.
2024-09-05 12:16:32,605 [Worker-9: Import Getting Started Content] INFO  o.e.m.j.i.AbstractJavaProjectConfigurator - Adding source folder /springboot-service-celulares/src/main/java
2024-09-05 12:16:32,610 [Worker-9: Import Getting Started Content] INFO  o.e.m.j.i.AbstractJavaProjectConfigurator - Adding resource folder /springboot-service-celulares/src/main/resources
2024-09-05 12:16:32,610 [Worker-9: Import Getting Started Content] INFO  o.e.m.j.i.AbstractJavaProjectConfigurator - Adding resource folder /springboot-service-celulares/src/main/resources
2024-09-05 12:16:32,610 [Worker-9: Import Getting Started Content] INFO  o.e.m.j.i.AbstractJavaProjectConfigurator - Adding source folder /springboot-service-celulares/src/test/java
2024-09-05 12:16:32,615 [Worker-9: Import Getting Started Content] INFO  o.e.m.j.i.AbstractJavaProjectConfigurator - Adding resource folder /springboot-service-celulares/src/test/resources
2024-09-05 12:16:33,591 [Worker-9: Import Getting Started Content] INFO  o.e.m.c.i.p.ProjectConfigurationManager - Update completed for 1 poms: local refresh takes 0.00 sec, refresh facades takes 2.00 sec, update config takes 0.00 sec 
2024-09-05 12:16:35,110 [Worker-5: Auto share git projects] WARN  org.eclipse.jgit.util.FS_Win32 - Exception caught during execution of command '[bash, --login, -c, which git]' in 'C:\Users\dasp_', return code '1', error message 'which: no git in (/usr/local/bin:/usr/bin:/bin:/opt/bin:/c/Windows/System32:/c/Windows:/c/Windows/System32/Wbem:/c/Windows/System32/WindowsPowerShell/v1.0/:/usr/bin/site_perl:/usr/bin/vendor_perl:/usr/bin/core_perl)
'
2024-09-05 12:16:36,280 [Worker-9: Building] INFO  o.a.m.s.f.DefaultMavenResourcesFiltering - Copying 1 resource from src\main\resources to target\classes
2024-09-05 12:16:36,327 [Worker-9: Building] INFO  o.a.m.s.f.DefaultMavenResourcesFiltering - Copying 0 resource from src\main\resources to target\classes
2024-09-05 12:16:36,334 [Worker-9: Building] INFO  o.a.m.s.f.DefaultMavenResourcesFiltering - skip non existing resourceDirectory C:\Users\dasp_\Documents\workspace-backend-github\springboot-service-celulares\src\test\resources
2024-09-05 12:18:21,647 [Worker-11: Building] INFO  o.e.m.c.i.l.LifecycleMappingFactory - Using org.eclipse.m2e.jdt.JarLifecycleMapping lifecycle mapping for MavenProject: com.microservice.celulares:com.microservice.celulares:1.0.0-SNAPSHOT @ C:\Users\dasp_\Documents\workspace-backend-github\springboot-service-celulares\pom.xml.
2024-09-05 12:18:23,545 [Worker-11: Building] INFO  o.e.m.c.i.embedder.EclipseLogger - Using 'UTF-8' encoding to copy filtered resources.
2024-09-05 12:18:23,545 [Worker-11: Building] INFO  o.e.m.c.i.embedder.EclipseLogger - Using 'UTF-8' encoding to copy filtered properties files.
2024-09-05 12:18:23,548 [Worker-11: Building] INFO  o.e.m.c.i.embedder.EclipseLogger - Copying 0 resource
2024-09-05 12:18:23,550 [Worker-11: Building] INFO  o.e.m.c.i.embedder.EclipseLogger - Copying 0 resource
2024-09-05 12:18:23,555 [Worker-11: Building] INFO  o.e.m.c.i.embedder.EclipseLogger - Using 'UTF-8' encoding to copy filtered resources.
2024-09-05 12:18:23,556 [Worker-11: Building] INFO  o.e.m.c.i.embedder.EclipseLogger - Using 'UTF-8' encoding to copy filtered properties files.
2024-09-05 12:18:23,556 [Worker-11: Building] INFO  o.e.m.c.i.embedder.EclipseLogger - skip non existing resourceDirectory C:\Users\dasp_\Documents\workspace-backend-github\springboot-service-celulares\src\test\resources
2024-09-05 12:18:24,514 [Worker-11: Updating Maven Project] INFO  o.e.m.c.i.p.ProjectConfigurationManager - Update started
2024-09-05 12:18:25,045 [Worker-11: Updating Maven Project] INFO  o.e.m.c.i.l.LifecycleMappingFactory - Using org.eclipse.m2e.jdt.JarLifecycleMapping lifecycle mapping for MavenProject: com.microservice.celulares:com.microservice.celulares:1.0.0-SNAPSHOT @ C:\Users\dasp_\Documents\workspace-backend-github\springboot-service-celulares\pom.xml.
2024-09-05 12:18:27,327 [Worker-11: Updating Maven Project] INFO  o.e.m.j.i.AbstractJavaProjectConfigurator - Adding source folder /springboot-service-celulares/src/main/java
2024-09-05 12:18:27,328 [Worker-11: Updating Maven Project] INFO  o.e.m.j.i.AbstractJavaProjectConfigurator - Adding resource folder /springboot-service-celulares/src/main/resources
2024-09-05 12:18:27,329 [Worker-11: Updating Maven Project] INFO  o.e.m.j.i.AbstractJavaProjectConfigurator - Adding resource folder /springboot-service-celulares/src/main/resources
2024-09-05 12:18:27,330 [Worker-11: Updating Maven Project] INFO  o.e.m.j.i.AbstractJavaProjectConfigurator - Adding source folder /springboot-service-celulares/src/test/java
2024-09-05 12:18:27,331 [Worker-11: Updating Maven Project] INFO  o.e.m.j.i.AbstractJavaProjectConfigurator - Adding resource folder /springboot-service-celulares/src/test/resources
2024-09-05 12:18:29,565 [Worker-11: Updating Maven Project] INFO  o.e.m.c.i.p.ProjectConfigurationManager - Update completed for 1 poms: local refresh takes 0.00 sec, refresh facades takes 2.00 sec, update config takes 2.00 sec 
2024-09-05 12:18:30,714 [Worker-8: Building] INFO  o.e.m.c.i.embedder.EclipseLogger - Using 'UTF-8' encoding to copy filtered resources.
2024-09-05 12:18:30,714 [Worker-8: Building] INFO  o.e.m.c.i.embedder.EclipseLogger - Using 'UTF-8' encoding to copy filtered properties files.
2024-09-05 12:18:30,714 [Worker-8: Building] INFO  o.e.m.c.i.embedder.EclipseLogger - Copying 1 resource
2024-09-05 12:18:30,732 [Worker-8: Building] INFO  o.e.m.c.i.embedder.EclipseLogger - Copying 0 resource
2024-09-05 12:18:30,740 [Worker-8: Building] INFO  o.e.m.c.i.embedder.EclipseLogger - Using 'UTF-8' encoding to copy filtered resources.
2024-09-05 12:18:30,740 [Worker-8: Building] INFO  o.e.m.c.i.embedder.EclipseLogger - Using 'UTF-8' encoding to copy filtered properties files.
2024-09-05 12:18:30,740 [Worker-8: Building] INFO  o.e.m.c.i.embedder.EclipseLogger - skip non existing resourceDirectory C:\Users\dasp_\Documents\workspace-backend-github\springboot-service-celulares\src\test\resources
2024-09-05 12:18:51,009 [Worker-5: Building] INFO  o.e.m.c.i.embedder.EclipseLogger - Using 'UTF-8' encoding to copy filtered resources.
2024-09-05 12:18:51,009 [Worker-5: Building] INFO  o.e.m.c.i.embedder.EclipseLogger - Using 'UTF-8' encoding to copy filtered properties files.
2024-09-05 12:18:51,013 [Worker-5: Building] INFO  o.e.m.c.i.embedder.EclipseLogger - Copying 0 resource
2024-09-05 12:18:51,015 [Worker-5: Building] INFO  o.e.m.c.i.embedder.EclipseLogger - Copying 0 resource
2024-09-05 12:18:51,025 [Worker-5: Building] INFO  o.e.m.c.i.embedder.EclipseLogger - Using 'UTF-8' encoding to copy filtered resources.
2024-09-05 12:18:51,025 [Worker-5: Building] INFO  o.e.m.c.i.embedder.EclipseLogger - Using 'UTF-8' encoding to copy filtered properties files.
2024-09-05 12:18:51,026 [Worker-5: Building] INFO  o.e.m.c.i.embedder.EclipseLogger - Copying 0 resource
2024-09-05 12:19:08,040 [Worker-14: Launching Executing clean in C__Users_dasp__Documents_workspace-backend-github_springboot-service-celulares] INFO  o.eclipse.m2e.core.internal.Bundles - getClasspathEntries(Bundle=org.eclipse.m2e.maven.runtime_3.9.700.20240602-2313 [359])
2024-09-05 12:19:08,042 [Worker-14: Launching Executing clean in C__Users_dasp__Documents_workspace-backend-github_springboot-service-celulares] INFO  o.eclipse.m2e.core.internal.Bundles - 	Entry: C:\Program Files\sts-4.24.0.RELEASE\plugins\org.eclipse.m2e.maven.runtime_3.9.700.20240602-2313
2024-09-05 12:19:08,043 [Worker-14: Launching Executing clean in C__Users_dasp__Documents_workspace-backend-github_springboot-service-celulares] INFO  o.eclipse.m2e.core.internal.Bundles - 	Entry: C:\Program Files\sts-4.24.0.RELEASE\plugins\org.eclipse.m2e.maven.runtime_3.9.700.20240602-2313\jars\aopalliance-1.0.jar
2024-09-05 12:19:08,043 [Worker-14: Launching Executing clean in C__Users_dasp__Documents_workspace-backend-github_springboot-service-celulares] INFO  o.eclipse.m2e.core.internal.Bundles - 	Entry: C:\Program Files\sts-4.24.0.RELEASE\plugins\org.eclipse.m2e.maven.runtime_3.9.700.20240602-2313\jars\guice-5.1.0.jar
2024-09-05 12:19:08,043 [Worker-14: Launching Executing clean in C__Users_dasp__Documents_workspace-backend-github_springboot-service-celulares] INFO  o.eclipse.m2e.core.internal.Bundles - 	Entry: C:\Program Files\sts-4.24.0.RELEASE\plugins\org.eclipse.m2e.maven.runtime_3.9.700.20240602-2313\jars\httpclient-4.5.14.jar
2024-09-05 12:19:08,045 [Worker-14: Launching Executing clean in C__Users_dasp__Documents_workspace-backend-github_springboot-service-celulares] INFO  o.eclipse.m2e.core.internal.Bundles - 	Entry: C:\Program Files\sts-4.24.0.RELEASE\plugins\org.eclipse.m2e.maven.runtime_3.9.700.20240602-2313\jars\httpcore-4.4.16.jar
2024-09-05 12:19:08,045 [Worker-14: Launching Executing clean in C__Users_dasp__Documents_workspace-backend-github_springboot-service-celulares] INFO  o.eclipse.m2e.core.internal.Bundles - 	Entry: C:\Program Files\sts-4.24.0.RELEASE\plugins\org.eclipse.m2e.maven.runtime_3.9.700.20240602-2313\jars\jansi-2.4.1.jar
2024-09-05 12:19:08,045 [Worker-14: Launching Executing clean in C__Users_dasp__Documents_workspace-backend-github_springboot-service-celulares] INFO  o.eclipse.m2e.core.internal.Bundles - 	Entry: C:\Program Files\sts-4.24.0.RELEASE\plugins\org.eclipse.m2e.maven.runtime_3.9.700.20240602-2313\jars\jcl-over-slf4j-1.7.36.jar
2024-09-05 12:19:08,045 [Worker-14: Launching Executing clean in C__Users_dasp__Documents_workspace-backend-github_springboot-service-celulares] INFO  o.eclipse.m2e.core.internal.Bundles - 	Entry: C:\Program Files\sts-4.24.0.RELEASE\plugins\org.eclipse.m2e.maven.runtime_3.9.700.20240602-2313\jars\maven-artifact-3.9.7.jar
2024-09-05 12:19:08,046 [Worker-14: Launching Executing clean in C__Users_dasp__Documents_workspace-backend-github_springboot-service-celulares] INFO  o.eclipse.m2e.core.internal.Bundles - 	Entry: C:\Program Files\sts-4.24.0.RELEASE\plugins\org.eclipse.m2e.maven.runtime_3.9.700.20240602-2313\jars\maven-builder-support-3.9.7.jar
2024-09-05 12:19:08,046 [Worker-14: Launching Executing clean in C__Users_dasp__Documents_workspace-backend-github_springboot-service-celulares] INFO  o.eclipse.m2e.core.internal.Bundles - 	Entry: C:\Program Files\sts-4.24.0.RELEASE\plugins\org.eclipse.m2e.maven.runtime_3.9.700.20240602-2313\jars\maven-compat-3.9.7.jar
2024-09-05 12:19:08,047 [Worker-14: Launching Executing clean in C__Users_dasp__Documents_workspace-backend-github_springboot-service-celulares] INFO  o.eclipse.m2e.core.internal.Bundles - 	Entry: C:\Program Files\sts-4.24.0.RELEASE\plugins\org.eclipse.m2e.maven.runtime_3.9.700.20240602-2313\jars\maven-core-3.9.7.jar
2024-09-05 12:19:08,047 [Worker-14: Launching Executing clean in C__Users_dasp__Documents_workspace-backend-github_springboot-service-celulares] INFO  o.eclipse.m2e.core.internal.Bundles - 	Entry: C:\Program Files\sts-4.24.0.RELEASE\plugins\org.eclipse.m2e.maven.runtime_3.9.700.20240602-2313\jars\maven-embedder-3.9.7.jar
2024-09-05 12:19:08,047 [Worker-14: Launching Executing clean in C__Users_dasp__Documents_workspace-backend-github_springboot-service-celulares] INFO  o.eclipse.m2e.core.internal.Bundles - 	Entry: C:\Program Files\sts-4.24.0.RELEASE\plugins\org.eclipse.m2e.maven.runtime_3.9.700.20240602-2313\jars\maven-model-3.9.7.jar
2024-09-05 12:19:08,047 [Worker-14: Launching Executing clean in C__Users_dasp__Documents_workspace-backend-github_springboot-service-celulares] INFO  o.eclipse.m2e.core.internal.Bundles - 	Entry: C:\Program Files\sts-4.24.0.RELEASE\plugins\org.eclipse.m2e.maven.runtime_3.9.700.20240602-2313\jars\maven-model-builder-3.9.7.jar
2024-09-05 12:19:08,047 [Worker-14: Launching Executing clean in C__Users_dasp__Documents_workspace-backend-github_springboot-service-celulares] INFO  o.eclipse.m2e.core.internal.Bundles - 	Entry: C:\Program Files\sts-4.24.0.RELEASE\plugins\org.eclipse.m2e.maven.runtime_3.9.700.20240602-2313\jars\maven-plugin-api-3.9.7.jar
2024-09-05 12:19:08,047 [Worker-14: Launching Executing clean in C__Users_dasp__Documents_workspace-backend-github_springboot-service-celulares] INFO  o.eclipse.m2e.core.internal.Bundles - 	Entry: C:\Program Files\sts-4.24.0.RELEASE\plugins\org.eclipse.m2e.maven.runtime_3.9.700.20240602-2313\jars\maven-repository-metadata-3.9.7.jar
2024-09-05 12:19:08,047 [Worker-14: Launching Executing clean in C__Users_dasp__Documents_workspace-backend-github_springboot-service-celulares] INFO  o.eclipse.m2e.core.internal.Bundles - 	Entry: C:\Program Files\sts-4.24.0.RELEASE\plugins\org.eclipse.m2e.maven.runtime_3.9.700.20240602-2313\jars\maven-resolver-api-1.9.20.jar
2024-09-05 12:19:08,047 [Worker-14: Launching Executing clean in C__Users_dasp__Documents_workspace-backend-github_springboot-service-celulares] INFO  o.eclipse.m2e.core.internal.Bundles - 	Entry: C:\Program Files\sts-4.24.0.RELEASE\plugins\org.eclipse.m2e.maven.runtime_3.9.700.20240602-2313\jars\maven-resolver-connector-basic-1.9.20.jar
2024-09-05 12:19:08,047 [Worker-14: Launching Executing clean in C__Users_dasp__Documents_workspace-backend-github_springboot-service-celulares] INFO  o.eclipse.m2e.core.internal.Bundles - 	Entry: C:\Program Files\sts-4.24.0.RELEASE\plugins\org.eclipse.m2e.maven.runtime_3.9.700.20240602-2313\jars\maven-resolver-impl-1.9.20.jar
2024-09-05 12:19:08,047 [Worker-14: Launching Executing clean in C__Users_dasp__Documents_workspace-backend-github_springboot-service-celulares] INFO  o.eclipse.m2e.core.internal.Bundles - 	Entry: C:\Program Files\sts-4.24.0.RELEASE\plugins\org.eclipse.m2e.maven.runtime_3.9.700.20240602-2313\jars\maven-resolver-named-locks-1.9.20.jar
2024-09-05 12:19:08,048 [Worker-14: Launching Executing clean in C__Users_dasp__Documents_workspace-backend-github_springboot-service-celulares] INFO  o.eclipse.m2e.core.internal.Bundles - 	Entry: C:\Program Files\sts-4.24.0.RELEASE\plugins\org.eclipse.m2e.maven.runtime_3.9.700.20240602-2313\jars\maven-resolver-provider-3.9.7.jar
2024-09-05 12:19:08,048 [Worker-14: Launching Executing clean in C__Users_dasp__Documents_workspace-backend-github_springboot-service-celulares] INFO  o.eclipse.m2e.core.internal.Bundles - 	Entry: C:\Program Files\sts-4.24.0.RELEASE\plugins\org.eclipse.m2e.maven.runtime_3.9.700.20240602-2313\jars\maven-resolver-spi-1.9.20.jar
2024-09-05 12:19:08,048 [Worker-14: Launching Executing clean in C__Users_dasp__Documents_workspace-backend-github_springboot-service-celulares] INFO  o.eclipse.m2e.core.internal.Bundles - 	Entry: C:\Program Files\sts-4.24.0.RELEASE\plugins\org.eclipse.m2e.maven.runtime_3.9.700.20240602-2313\jars\maven-resolver-transport-file-1.9.20.jar
2024-09-05 12:19:08,048 [Worker-14: Launching Executing clean in C__Users_dasp__Documents_workspace-backend-github_springboot-service-celulares] INFO  o.eclipse.m2e.core.internal.Bundles - 	Entry: C:\Program Files\sts-4.24.0.RELEASE\plugins\org.eclipse.m2e.maven.runtime_3.9.700.20240602-2313\jars\maven-resolver-transport-http-1.9.20.jar
2024-09-05 12:19:08,049 [Worker-14: Launching Executing clean in C__Users_dasp__Documents_workspace-backend-github_springboot-service-celulares] INFO  o.eclipse.m2e.core.internal.Bundles - 	Entry: C:\Program Files\sts-4.24.0.RELEASE\plugins\org.eclipse.m2e.maven.runtime_3.9.700.20240602-2313\jars\maven-resolver-transport-wagon-1.9.20.jar
2024-09-05 12:19:08,049 [Worker-14: Launching Executing clean in C__Users_dasp__Documents_workspace-backend-github_springboot-service-celulares] INFO  o.eclipse.m2e.core.internal.Bundles - 	Entry: C:\Program Files\sts-4.24.0.RELEASE\plugins\org.eclipse.m2e.maven.runtime_3.9.700.20240602-2313\jars\maven-resolver-util-1.9.20.jar
2024-09-05 12:19:08,049 [Worker-14: Launching Executing clean in C__Users_dasp__Documents_workspace-backend-github_springboot-service-celulares] INFO  o.eclipse.m2e.core.internal.Bundles - 	Entry: C:\Program Files\sts-4.24.0.RELEASE\plugins\org.eclipse.m2e.maven.runtime_3.9.700.20240602-2313\jars\maven-settings-3.9.7.jar
2024-09-05 12:19:08,049 [Worker-14: Launching Executing clean in C__Users_dasp__Documents_workspace-backend-github_springboot-service-celulares] INFO  o.eclipse.m2e.core.internal.Bundles - 	Entry: C:\Program Files\sts-4.24.0.RELEASE\plugins\org.eclipse.m2e.maven.runtime_3.9.700.20240602-2313\jars\maven-settings-builder-3.9.7.jar
2024-09-05 12:19:08,050 [Worker-14: Launching Executing clean in C__Users_dasp__Documents_workspace-backend-github_springboot-service-celulares] INFO  o.eclipse.m2e.core.internal.Bundles - 	Entry: C:\Program Files\sts-4.24.0.RELEASE\plugins\org.eclipse.m2e.maven.runtime_3.9.700.20240602-2313\jars\maven-shared-utils-3.4.2.jar
2024-09-05 12:19:08,050 [Worker-14: Launching Executing clean in C__Users_dasp__Documents_workspace-backend-github_springboot-service-celulares] INFO  o.eclipse.m2e.core.internal.Bundles - 	Entry: C:\Program Files\sts-4.24.0.RELEASE\plugins\org.eclipse.m2e.maven.runtime_3.9.700.20240602-2313\jars\org.eclipse.sisu.inject-0.9.0.M2.jar
2024-09-05 12:19:08,051 [Worker-14: Launching Executing clean in C__Users_dasp__Documents_workspace-backend-github_springboot-service-celulares] INFO  o.eclipse.m2e.core.internal.Bundles - 	Entry: C:\Program Files\sts-4.24.0.RELEASE\plugins\org.eclipse.m2e.maven.runtime_3.9.700.20240602-2313\jars\org.eclipse.sisu.plexus-0.9.0.M2.jar
2024-09-05 12:19:08,053 [Worker-14: Launching Executing clean in C__Users_dasp__Documents_workspace-backend-github_springboot-service-celulares] INFO  o.eclipse.m2e.core.internal.Bundles - 	Entry: C:\Program Files\sts-4.24.0.RELEASE\plugins\org.eclipse.m2e.maven.runtime_3.9.700.20240602-2313\jars\plexus-build-api-0.0.7.jar
2024-09-05 12:19:08,053 [Worker-14: Launching Executing clean in C__Users_dasp__Documents_workspace-backend-github_springboot-service-celulares] INFO  o.eclipse.m2e.core.internal.Bundles - 	Entry: C:\Program Files\sts-4.24.0.RELEASE\plugins\org.eclipse.m2e.maven.runtime_3.9.700.20240602-2313\jars\plexus-build-api-1.2.0.jar
2024-09-05 12:19:08,054 [Worker-14: Launching Executing clean in C__Users_dasp__Documents_workspace-backend-github_springboot-service-celulares] INFO  o.eclipse.m2e.core.internal.Bundles - 	Entry: C:\Program Files\sts-4.24.0.RELEASE\plugins\org.eclipse.m2e.maven.runtime_3.9.700.20240602-2313\jars\plexus-cipher-2.0.jar
2024-09-05 12:19:08,054 [Worker-14: Launching Executing clean in C__Users_dasp__Documents_workspace-backend-github_springboot-service-celulares] INFO  o.eclipse.m2e.core.internal.Bundles - 	Entry: C:\Program Files\sts-4.24.0.RELEASE\plugins\org.eclipse.m2e.maven.runtime_3.9.700.20240602-2313\jars\plexus-classworlds-2.8.0.jar
2024-09-05 12:19:08,056 [Worker-14: Launching Executing clean in C__Users_dasp__Documents_workspace-backend-github_springboot-service-celulares] INFO  o.eclipse.m2e.core.internal.Bundles - 	Entry: C:\Program Files\sts-4.24.0.RELEASE\plugins\org.eclipse.m2e.maven.runtime_3.9.700.20240602-2313\jars\plexus-component-annotations-2.1.0.jar
2024-09-05 12:19:08,056 [Worker-14: Launching Executing clean in C__Users_dasp__Documents_workspace-backend-github_springboot-service-celulares] INFO  o.eclipse.m2e.core.internal.Bundles - 	Entry: C:\Program Files\sts-4.24.0.RELEASE\plugins\org.eclipse.m2e.maven.runtime_3.9.700.20240602-2313\jars\plexus-interpolation-1.27.jar
2024-09-05 12:19:08,056 [Worker-14: Launching Executing clean in C__Users_dasp__Documents_workspace-backend-github_springboot-service-celulares] INFO  o.eclipse.m2e.core.internal.Bundles - 	Entry: C:\Program Files\sts-4.24.0.RELEASE\plugins\org.eclipse.m2e.maven.runtime_3.9.700.20240602-2313\jars\plexus-sec-dispatcher-2.0.jar
2024-09-05 12:19:08,056 [Worker-14: Launching Executing clean in C__Users_dasp__Documents_workspace-backend-github_springboot-service-celulares] INFO  o.eclipse.m2e.core.internal.Bundles - 	Entry: C:\Program Files\sts-4.24.0.RELEASE\plugins\org.eclipse.m2e.maven.runtime_3.9.700.20240602-2313\jars\plexus-utils-3.5.1.jar
2024-09-05 12:19:08,057 [Worker-14: Launching Executing clean in C__Users_dasp__Documents_workspace-backend-github_springboot-service-celulares] INFO  o.eclipse.m2e.core.internal.Bundles - 	Entry: C:\Program Files\sts-4.24.0.RELEASE\plugins\org.eclipse.m2e.maven.runtime_3.9.700.20240602-2313\jars\wagon-file-3.5.3.jar
2024-09-05 12:19:08,057 [Worker-14: Launching Executing clean in C__Users_dasp__Documents_workspace-backend-github_springboot-service-celulares] INFO  o.eclipse.m2e.core.internal.Bundles - 	Entry: C:\Program Files\sts-4.24.0.RELEASE\plugins\org.eclipse.m2e.maven.runtime_3.9.700.20240602-2313\jars\wagon-http-3.5.3.jar
2024-09-05 12:19:08,057 [Worker-14: Launching Executing clean in C__Users_dasp__Documents_workspace-backend-github_springboot-service-celulares] INFO  o.eclipse.m2e.core.internal.Bundles - 	Entry: C:\Program Files\sts-4.24.0.RELEASE\plugins\org.eclipse.m2e.maven.runtime_3.9.700.20240602-2313\jars\wagon-http-shared-3.5.3.jar
2024-09-05 12:19:08,057 [Worker-14: Launching Executing clean in C__Users_dasp__Documents_workspace-backend-github_springboot-service-celulares] INFO  o.eclipse.m2e.core.internal.Bundles - 	Entry: C:\Program Files\sts-4.24.0.RELEASE\plugins\org.eclipse.m2e.maven.runtime_3.9.700.20240602-2313\jars\wagon-provider-api-3.5.3.jar
2024-09-05 12:19:08,058 [Worker-14: Launching Executing clean in C__Users_dasp__Documents_workspace-backend-github_springboot-service-celulares] INFO  o.eclipse.m2e.core.internal.Bundles - getClasspathEntries(Bundle=com.google.guava_33.2.0.jre [29])
2024-09-05 12:19:08,059 [Worker-14: Launching Executing clean in C__Users_dasp__Documents_workspace-backend-github_springboot-service-celulares] INFO  o.eclipse.m2e.core.internal.Bundles - 	Entry: C:\Program Files\sts-4.24.0.RELEASE\plugins\com.google.guava_33.2.0.jre.jar
2024-09-05 12:19:08,060 [Worker-14: Launching Executing clean in C__Users_dasp__Documents_workspace-backend-github_springboot-service-celulares] INFO  o.eclipse.m2e.core.internal.Bundles - getClasspathEntries(Bundle=slf4j.api_2.0.13 [592])
2024-09-05 12:19:08,060 [Worker-14: Launching Executing clean in C__Users_dasp__Documents_workspace-backend-github_springboot-service-celulares] INFO  o.eclipse.m2e.core.internal.Bundles - 	Entry: C:\Program Files\sts-4.24.0.RELEASE\plugins\slf4j.api_2.0.13.jar
2024-09-05 12:19:08,060 [Worker-14: Launching Executing clean in C__Users_dasp__Documents_workspace-backend-github_springboot-service-celulares] INFO  o.eclipse.m2e.core.internal.Bundles - getClasspathEntries(Bundle=jakarta.inject.jakarta.inject-api_1.0.5 [44])
2024-09-05 12:19:08,061 [Worker-14: Launching Executing clean in C__Users_dasp__Documents_workspace-backend-github_springboot-service-celulares] INFO  o.eclipse.m2e.core.internal.Bundles - 	Entry: C:\Program Files\sts-4.24.0.RELEASE\plugins\jakarta.inject.jakarta.inject-api_1.0.5.jar
2024-09-05 12:19:08,061 [Worker-14: Launching Executing clean in C__Users_dasp__Documents_workspace-backend-github_springboot-service-celulares] INFO  o.eclipse.m2e.core.internal.Bundles - getClasspathEntries(Bundle=javax.annotation_1.3.5.v20200909-1856 [53])
2024-09-05 12:19:08,061 [Worker-14: Launching Executing clean in C__Users_dasp__Documents_workspace-backend-github_springboot-service-celulares] INFO  o.eclipse.m2e.core.internal.Bundles - 	Entry: C:\Program Files\sts-4.24.0.RELEASE\plugins\javax.annotation_1.3.5.v20200909-1856.jar
2024-09-05 12:19:08,062 [Worker-14: Launching Executing clean in C__Users_dasp__Documents_workspace-backend-github_springboot-service-celulares] INFO  o.eclipse.m2e.core.internal.Bundles - getClasspathEntries(Bundle=org.apache.commons.cli_1.8.0 [76])
2024-09-05 12:19:08,062 [Worker-14: Launching Executing clean in C__Users_dasp__Documents_workspace-backend-github_springboot-service-celulares] INFO  o.eclipse.m2e.core.internal.Bundles - 	Entry: C:\Program Files\sts-4.24.0.RELEASE\plugins\org.apache.commons.cli_1.8.0.jar
2024-09-05 12:19:08,063 [Worker-14: Launching Executing clean in C__Users_dasp__Documents_workspace-backend-github_springboot-service-celulares] INFO  o.eclipse.m2e.core.internal.Bundles - getClasspathEntries(Bundle=org.apache.commons.commons-codec_1.16.0 [78])
2024-09-05 12:19:08,063 [Worker-14: Launching Executing clean in C__Users_dasp__Documents_workspace-backend-github_springboot-service-celulares] INFO  o.eclipse.m2e.core.internal.Bundles - 	Entry: C:\Program Files\sts-4.24.0.RELEASE\plugins\org.apache.commons.commons-codec_1.16.0.jar
2024-09-05 12:19:08,063 [Worker-14: Launching Executing clean in C__Users_dasp__Documents_workspace-backend-github_springboot-service-celulares] INFO  o.eclipse.m2e.core.internal.Bundles - getClasspathEntries(Bundle=org.apache.commons.lang3_3.14.0 [82])
2024-09-05 12:19:08,064 [Worker-14: Launching Executing clean in C__Users_dasp__Documents_workspace-backend-github_springboot-service-celulares] INFO  o.eclipse.m2e.core.internal.Bundles - 	Entry: C:\Program Files\sts-4.24.0.RELEASE\plugins\org.apache.commons.lang3_3.14.0.jar
2024-09-05 12:19:08,064 [Worker-14: Launching Executing clean in C__Users_dasp__Documents_workspace-backend-github_springboot-service-celulares] INFO  o.eclipse.m2e.core.internal.Bundles - getClasspathEntries(Bundle=com.google.guava.failureaccess_1.0.2 [30])
2024-09-05 12:19:08,064 [Worker-14: Launching Executing clean in C__Users_dasp__Documents_workspace-backend-github_springboot-service-celulares] INFO  o.eclipse.m2e.core.internal.Bundles - 	Entry: C:\Program Files\sts-4.24.0.RELEASE\plugins\com.google.guava.failureaccess_1.0.2.jar
2024-09-05 12:19:08,080 [Worker-14: Launching Executing clean in C__Users_dasp__Documents_workspace-backend-github_springboot-service-celulares] INFO  o.e.m.i.launch.MavenLaunchDelegate - Run build in "C:\Users\dasp_\Documents\workspace-backend-github\springboot-service-celulares":
2024-09-05 12:19:08,089 [Worker-14: Launching Executing clean in C__Users_dasp__Documents_workspace-backend-github_springboot-service-celulares] INFO  o.e.m.i.launch.MavenLaunchDelegate -  mvn  -Ppom.xml -B -Dstyle.color=always clean
2024-09-05 12:19:11,634 [Worker-8: Building] INFO  o.e.m.c.i.embedder.EclipseLogger - Using 'UTF-8' encoding to copy filtered resources.
2024-09-05 12:19:11,634 [Worker-8: Building] INFO  o.e.m.c.i.embedder.EclipseLogger - Using 'UTF-8' encoding to copy filtered properties files.
2024-09-05 12:19:11,635 [Worker-8: Building] INFO  o.e.m.c.i.embedder.EclipseLogger - Copying 1 resource
2024-09-05 12:19:11,639 [Worker-8: Building] INFO  o.e.m.c.i.embedder.EclipseLogger - Copying 0 resource
2024-09-05 12:19:11,659 [Worker-8: Building] INFO  o.e.m.c.i.embedder.EclipseLogger - Using 'UTF-8' encoding to copy filtered resources.
2024-09-05 12:19:11,659 [Worker-8: Building] INFO  o.e.m.c.i.embedder.EclipseLogger - Using 'UTF-8' encoding to copy filtered properties files.
2024-09-05 12:19:11,660 [Worker-8: Building] INFO  o.e.m.c.i.embedder.EclipseLogger - Copying 0 resource
